  Source.cpp
C:\SNHU\OpenGL\GLAD\glad\glad.h(118,26): error C2371: 'GLintptr': redefinition; different basic types
C:\SNHU\OpenGL\GLEW\include\GL\glew.h(1679): message : see declaration of 'GLintptr'
C:\SNHU\OpenGL\GLAD\glad\glad.h(119,26): error C2371: 'GLintptrARB': redefinition; different basic types
C:\SNHU\OpenGL\GLEW\include\GL\glew.h(7980): message : see declaration of 'GLintptrARB'
C:\SNHU\OpenGL\GLAD\glad\glad.h(120,25): error C2371: 'GLsizeiptr': redefinition; different basic types
C:\SNHU\OpenGL\GLEW\include\GL\glew.h(1680): message : see declaration of 'GLsizeiptr'
C:\SNHU\OpenGL\GLAD\glad\glad.h(121,25): error C2371: 'GLsizeiptrARB': redefinition; different basic types
C:\SNHU\OpenGL\GLEW\include\GL\glew.h(7981): message : see declaration of 'GLsizeiptrARB'
C:\SNHU\OpenGL\GLAD\glad\glad.h(326,1): warning C4005: 'GL_ALL_ATTRIB_BITS': macro redefinition
C:\SNHU\OpenGL\GLEW\include\GL\glew.h(845): message : see previous definition of 'GL_ALL_ATTRIB_BITS'
C:\SNHU\OpenGL\GLAD\glad\glad.h(592,1): warning C4005: 'GL_CLIENT_ALL_ATTRIB_BITS': macro redefinition
C:\SNHU\OpenGL\GLEW\include\GL\glew.h(846): message : see previous definition of 'GL_CLIENT_ALL_ATTRIB_BITS'
C:\SNHU\OpenGL\GLAD\glad\glad.h(878,1): warning C4005: 'GL_SRC1_ALPHA': macro redefinition
C:\SNHU\OpenGL\GLEW\include\GL\glew.h(1638): message : see previous definition of 'GL_SRC1_ALPHA'
C:\SNHU\OpenGL\GLAD\glad\glad.h(888,1): warning C4005: 'GL_FOG_COORD_SRC': macro redefinition
C:\SNHU\OpenGL\GLEW\include\GL\glew.h(1635): message : see previous definition of 'GL_FOG_COORD_SRC'
C:\SNHU\OpenGL\GLAD\glad\glad.h(889,1): warning C4005: 'GL_FOG_COORD': macro redefinition
C:\SNHU\OpenGL\GLEW\include\GL\glew.h(1629): message : see previous definition of 'GL_FOG_COORD'
C:\SNHU\OpenGL\GLAD\glad\glad.h(890,1): warning C4005: 'GL_CURRENT_FOG_COORD': macro redefinition
C:\SNHU\OpenGL\GLEW\include\GL\glew.h(1628): message : see previous definition of 'GL_CURRENT_FOG_COORD'
C:\SNHU\OpenGL\GLAD\glad\glad.h(891,1): warning C4005: 'GL_FOG_COORD_ARRAY_TYPE': macro redefinition
C:\SNHU\OpenGL\GLEW\include\GL\glew.h(1634): message : see previous definition of 'GL_FOG_COORD_ARRAY_TYPE'
C:\SNHU\OpenGL\GLAD\glad\glad.h(892,1): warning C4005: 'GL_FOG_COORD_ARRAY_STRIDE': macro redefinition
C:\SNHU\OpenGL\GLEW\include\GL\glew.h(1633): message : see previous definition of 'GL_FOG_COORD_ARRAY_STRIDE'
C:\SNHU\OpenGL\GLAD\glad\glad.h(893,1): warning C4005: 'GL_FOG_COORD_ARRAY_POINTER': macro redefinition
C:\SNHU\OpenGL\GLEW\include\GL\glew.h(1632): message : see previous definition of 'GL_FOG_COORD_ARRAY_POINTER'
C:\SNHU\OpenGL\GLAD\glad\glad.h(894,1): warning C4005: 'GL_FOG_COORD_ARRAY': macro redefinition
C:\SNHU\OpenGL\GLEW\include\GL\glew.h(1630): message : see previous definition of 'GL_FOG_COORD_ARRAY'
C:\SNHU\OpenGL\GLAD\glad\glad.h(895,1): warning C4005: 'GL_FOG_COORD_ARRAY_BUFFER_BINDING': macro redefinition
C:\SNHU\OpenGL\GLEW\include\GL\glew.h(1631): message : see previous definition of 'GL_FOG_COORD_ARRAY_BUFFER_BINDING'
C:\SNHU\OpenGL\GLAD\glad\glad.h(896,1): warning C4005: 'GL_SRC0_RGB': macro redefinition
C:\SNHU\OpenGL\GLEW\include\GL\glew.h(1637): message : see previous definition of 'GL_SRC0_RGB'
C:\SNHU\OpenGL\GLAD\glad\glad.h(897,1): warning C4005: 'GL_SRC1_RGB': macro redefinition
C:\SNHU\OpenGL\GLEW\include\GL\glew.h(1639): message : see previous definition of 'GL_SRC1_RGB'
C:\SNHU\OpenGL\GLAD\glad\glad.h(898,1): warning C4005: 'GL_SRC2_RGB': macro redefinition
C:\SNHU\OpenGL\GLEW\include\GL\glew.h(1641): message : see previous definition of 'GL_SRC2_RGB'
C:\SNHU\OpenGL\GLAD\glad\glad.h(899,1): warning C4005: 'GL_SRC0_ALPHA': macro redefinition
C:\SNHU\OpenGL\GLEW\include\GL\glew.h(1636): message : see previous definition of 'GL_SRC0_ALPHA'
C:\SNHU\OpenGL\GLAD\glad\glad.h(900,1): warning C4005: 'GL_SRC2_ALPHA': macro redefinition
C:\SNHU\OpenGL\GLEW\include\GL\glew.h(1640): message : see previous definition of 'GL_SRC2_ALPHA'
C:\SNHU\OpenGL\GLAD\glad\glad.h(901,1): warning C4005: 'GL_BLEND_EQUATION_RGB': macro redefinition
C:\SNHU\OpenGL\GLEW\include\GL\glew.h(1731): message : see previous definition of 'GL_BLEND_EQUATION_RGB'
C:\SNHU\OpenGL\GLAD\glad\glad.h(1008,1): warning C4005: 'GL_COMPARE_REF_TO_TEXTURE': macro redefinition
C:\SNHU\OpenGL\GLEW\include\GL\glew.h(2066): message : see previous definition of 'GL_COMPARE_REF_TO_TEXTURE'
C:\SNHU\OpenGL\GLAD\glad\glad.h(1009,1): warning C4005: 'GL_CLIP_DISTANCE0': macro redefinition
C:\SNHU\OpenGL\GLEW\include\GL\glew.h(2060): message : see previous definition of 'GL_CLIP_DISTANCE0'
C:\SNHU\OpenGL\GLAD\glad\glad.h(1010,1): warning C4005: 'GL_CLIP_DISTANCE1': macro redefinition
C:\SNHU\OpenGL\GLEW\include\GL\glew.h(2061): message : see previous definition of 'GL_CLIP_DISTANCE1'
C:\SNHU\OpenGL\GLAD\glad\glad.h(1011,1): warning C4005: 'GL_CLIP_DISTANCE2': macro redefinition
C:\SNHU\OpenGL\GLEW\include\GL\glew.h(2062): message : see previous definition of 'GL_CLIP_DISTANCE2'
C:\SNHU\OpenGL\GLAD\glad\glad.h(1012,1): warning C4005: 'GL_CLIP_DISTANCE3': macro redefinition
C:\SNHU\OpenGL\GLEW\include\GL\glew.h(2063): message : see previous definition of 'GL_CLIP_DISTANCE3'
C:\SNHU\OpenGL\GLAD\glad\glad.h(1013,1): warning C4005: 'GL_CLIP_DISTANCE4': macro redefinition
C:\SNHU\OpenGL\GLEW\include\GL\glew.h(2064): message : see previous definition of 'GL_CLIP_DISTANCE4'
C:\SNHU\OpenGL\GLAD\glad\glad.h(1014,1): warning C4005: 'GL_CLIP_DISTANCE5': macro redefinition
C:\SNHU\OpenGL\GLEW\include\GL\glew.h(2065): message : see previous definition of 'GL_CLIP_DISTANCE5'
C:\SNHU\OpenGL\GLAD\glad\glad.h(1017,1): warning C4005: 'GL_MAX_CLIP_DISTANCES': macro redefinition
C:\SNHU\OpenGL\GLEW\include\GL\glew.h(2067): message : see previous definition of 'GL_MAX_CLIP_DISTANCES'
C:\SNHU\OpenGL\GLAD\glad\glad.h(1024,1): warning C4005: 'GL_CONTEXT_FLAG_FORWARD_COMPATIBLE_BIT': macro redefinition
C:\SNHU\OpenGL\GLEW\include\GL\glew.h(2069): message : see previous definition of 'GL_CONTEXT_FLAG_FORWARD_COMPATIBLE_BIT'
C:\SNHU\OpenGL\GLAD\glad\glad.h(1035,1): warning C4005: 'GL_MAX_VARYING_COMPONENTS': macro redefinition
C:\SNHU\OpenGL\GLEW\include\GL\glew.h(2068): message : see previous definition of 'GL_MAX_VARYING_COMPONENTS'
C:\SNHU\OpenGL\GLAD\glad\glad.h(1305,1): warning C4005: 'GL_INVALID_INDEX': macro redefinition
C:\SNHU\OpenGL\GLEW\include\GL\glew.h(7734): message : see previous definition of 'GL_INVALID_INDEX'
C:\SNHU\OpenGL\GLAD\glad\glad.h(1347,1): warning C4005: 'GL_TIMEOUT_IGNORED': macro redefinition
C:\SNHU\OpenGL\GLEW\include\GL\glew.h(6965): message : see previous definition of 'GL_TIMEOUT_IGNORED'
C:\SNHU\OpenGL\GLAD\glad\glad.h(1426,1): warning C4005: 'GL_PATCHES': macro redefinition
C:\SNHU\OpenGL\GLEW\include\GL\glew.h(6992): message : see previous definition of 'GL_PATCHES'
C:\SNHU\OpenGL\GLAD\glad\glad.h(1849,1): warning C4005: 'GL_SHADER_STORAGE_BARRIER_BIT': macro redefinition
C:\SNHU\OpenGL\GLEW\include\GL\glew.h(6695): message : see previous definition of 'GL_SHADER_STORAGE_BARRIER_BIT'
C:\SNHU\Final Project\Source.cpp(328,28): warning C4244: 'initializing': conversion from 'double' to 'float', possible loss of data
C:\SNHU\Final Project\Source.cpp(453,17): warning C4244: '=': conversion from 'double' to 'float', possible loss of data
C:\SNHU\Final Project\Source.cpp(454,17): warning C4244: '=': conversion from 'double' to 'float', possible loss of data
C:\SNHU\Final Project\Source.cpp(458,19): warning C4244: 'initializing': conversion from 'double' to 'float', possible loss of data
C:\SNHU\Final Project\Source.cpp(459,19): warning C4244: 'initializing': conversion from 'double' to 'float', possible loss of data
C:\SNHU\Final Project\Source.cpp(461,13): warning C4244: '=': conversion from 'double' to 'float', possible loss of data
C:\SNHU\Final Project\Source.cpp(462,13): warning C4244: '=': conversion from 'double' to 'float', possible loss of data
C:\SNHU\Final Project\Source.cpp(471,31): warning C4244: 'argument': conversion from 'double' to 'float', possible loss of data
C:\SNHU\Final Project\Source.cpp(916,5): warning C4305: 'initializing': truncation from 'double' to 'GLfloat'
